<?xml version="1.0" encoding="UTF-8"?>
<!-- Generated by org.testng.reporters.JUnitReportReporter -->
<testsuite hostname="DESKTOP-KD7RQOH" failures="0" tests="1" name="automationwebsite.Open_Weather_Signup_Automation" time="7.362" errors="0" timestamp="2020-04-18T23:29:30 PDT" skipped="0">
  <testcase classname="automationwebsite.Open_Weather_Signup_Automation" name="Signup_Automation" time="7.362"/>
</testsuite> <!-- automationwebsite.Open_Weather_Signup_Automation -->
