<?xml version="1.0" encoding="UTF-8"?>
<!-- Generated by org.testng.reporters.JUnitReportReporter -->
<testsuite hostname="DESKTOP-KD7RQOH" failures="0" tests="1" name="testng_learning.Testng_Annotations_Execution_Priority" time="0.016" errors="0" timestamp="2020-03-01T15:59:11 PST" skipped="0">
  <testcase classname="testng_learning.Testng_Annotations_Execution_Priority" name="Test" time="0.016"/>
</testsuite> <!-- testng_learning.Testng_Annotations_Execution_Priority -->
