<?xml version="1.0" encoding="UTF-8"?>
<!-- Generated by org.testng.reporters.JUnitReportReporter -->
<testsuite hostname="DESKTOP-KD7RQOH" failures="0" tests="4" name="testng_learning.BM_Test_AM_Tricombo" time="0.111" errors="0" timestamp="2020-04-19T06:29:21 PDT" skipped="0">
  <testcase classname="testng_learning.BM_Test_AM_Tricombo" name="Test2" time="0.048"/>
  <testcase classname="testng_learning.BM_Test_AM_Tricombo" name="Test4" time="0.031"/>
  <testcase classname="testng_learning.BM_Test_AM_Tricombo" name="Test3" time="0.000"/>
  <testcase classname="testng_learning.BM_Test_AM_Tricombo" name="Test1" time="0.032"/>
</testsuite> <!-- testng_learning.BM_Test_AM_Tricombo -->
