<?xml version="1.0" encoding="UTF-8"?>
<!-- Generated by org.testng.reporters.JUnitReportReporter -->
<testsuite hostname="DESKTOP-KD7RQOH" failures="0" tests="1" name="automationwebsite.Open_Weather_Org" time="19.910" errors="0" timestamp="2020-03-09T18:30:58 PDT" skipped="0">
  <testcase classname="automationwebsite.Open_Weather_Org" name="Signin_Open" time="19.910"/>
</testsuite> <!-- automationwebsite.Open_Weather_Org -->
