<?xml version="1.0" encoding="UTF-8"?>
<!-- Generated by org.testng.reporters.JUnitReportReporter -->
<testsuite hostname="DESKTOP-KD7RQOH" failures="0" tests="2" name="testng_learning.Rediff_Using_Testng" time="36.933" errors="0" timestamp="2020-03-15T16:07:20 PDT" skipped="0">
  <testcase classname="testng_learning.Rediff_Using_Testng" name="LoginValidation" time="18.928"/>
  <testcase classname="testng_learning.Rediff_Using_Testng" name="ValidatingTitleRediff" time="18.005"/>
</testsuite> <!-- testng_learning.Rediff_Using_Testng -->
