<?xml version="1.0" encoding="UTF-8"?>
<!-- Generated by org.testng.reporters.JUnitReportReporter -->
<testsuite hostname="DESKTOP-KD7RQOH" failures="0" tests="1" name="ExtentReport_Maven.Extent_Report_Learning.ExtentReportDemo" time="8.926" errors="0" timestamp="2020-05-19T21:19:25 PDT" skipped="0">
  <testcase classname="ExtentReport_Maven.Extent_Report_Learning.ExtentReportDemo" name="initialDemo" time="8.926"/>
</testsuite> <!-- ExtentReport_Maven.Extent_Report_Learning.ExtentReportDemo -->
