<?xml version="1.0" encoding="UTF-8"?>
<!-- Generated by org.testng.reporters.JUnitReportReporter -->
<testsuite hostname="DESKTOP-KD7RQOH" failures="0" tests="2" name="Selvi.DemoMavenProject.AppieumTest" time="0.019" errors="0" timestamp="19 May 2020 00:53:16 GMT" skipped="0">
  <testcase classname="Selvi.DemoMavenProject.AppieumTest" name="SelviAppAndrooid" time="0.003"/>
  <testcase classname="Selvi.DemoMavenProject.AppieumTest" name="IOSApp" time="0.016"/>
</testsuite> <!-- Selvi.DemoMavenProject.AppieumTest -->
