<?xml version="1.0" encoding="UTF-8"?>
<!-- Generated by org.testng.reporters.JUnitReportReporter -->
<testsuite hostname="DESKTOP-KD7RQOH" failures="0" tests="1" name="com.qa_academy.TestCase.LandingPageTest" time="14.240" errors="0" timestamp="2020-06-29T10:56:06 PDT" skipped="0">
  <testcase classname="com.qa_academy.TestCase.LandingPageTest" name="Click_Login" time="14.240"/>
</testsuite> <!-- com.qa_academy.TestCase.LandingPageTest -->
