<?xml version="1.0" encoding="UTF-8"?>
<!-- Generated by org.testng.reporters.JUnitReportReporter -->
<testsuite hostname="DESKTOP-KD7RQOH" failures="1" tests="1" name="com.qa_academy.TestCase.LandingValidationTest" time="5.844" errors="0" timestamp="2020-06-10T19:07:48 PDT" skipped="0">
  <testcase classname="com.qa_academy.TestCase.LandingValidationTest" name="test_Title" time="5.844">
    <failure message="expected [FEATURED COURSES00] but found [FEATURED COURSES]" type="java.lang.AssertionError">
      <![CDATA[java.lang.AssertionError: expected [FEATURED COURSES00] but found [FEATURED COURSES]
at com.qa_academy.TestCase.LandingValidationTest.test_Title(LandingValidationTest.java:38)
]]>
    </failure>
  </testcase> <!-- test_Title -->
</testsuite> <!-- com.qa_academy.TestCase.LandingValidationTest -->
