<?xml version="1.0" encoding="UTF-8"?>
<!-- Generated by org.testng.reporters.JUnitReportReporter -->
<testsuite hostname="DESKTOP-KD7RQOH" failures="0" tests="3" name="com.CRM.qa.testcases.LoginPageTest" time="52.299" errors="0" timestamp="2020-06-18T12:54:24 PDT" skipped="0">
  <testcase classname="com.CRM.qa.testcases.LoginPageTest" name="LoginPageTitleTest" time="15.152"/>
  <testcase classname="com.CRM.qa.testcases.LoginPageTest" name="CRMLogoTest" time="15.462"/>
  <testcase classname="com.CRM.qa.testcases.LoginPageTest" name="Login" time="21.685"/>
</testsuite> <!-- com.CRM.qa.testcases.LoginPageTest -->
