<?xml version="1.0" encoding="UTF-8"?>
<!-- Generated by org.testng.reporters.JUnitReportReporter -->
<testsuite hostname="DESKTOP-KD7RQOH" failures="0" tests="5" name="com.CRM.qa.testcases.SignUpLoginTest" time="8.304" errors="0" timestamp="2020-05-27T20:35:02 PDT" skipped="0">
  <testcase classname="com.CRM.qa.testcases.SignUpLoginTest" name="signUp_Click" time="3.300"/>
  <testcase classname="com.CRM.qa.testcases.SignUpLoginTest" name="Click_Login" time="4.242"/>
  <testcase classname="com.CRM.qa.testcases.SignUpLoginTest" name="Email" time="0.419"/>
  <testcase classname="com.CRM.qa.testcases.SignUpLoginTest" name="Pass" time="0.148"/>
  <testcase classname="com.CRM.qa.testcases.SignUpLoginTest" name="loginTest" time="0.195"/>
</testsuite> <!-- com.CRM.qa.testcases.SignUpLoginTest -->
