<?xml version="1.0" encoding="UTF-8"?>
<!-- Generated by org.testng.reporters.JUnitReportReporter -->
<testsuite hostname="DESKTOP-KD7RQOH" failures="0" tests="1" name="mouse_actions.Web_Table_Row_Coloumn" time="17.321" errors="0" timestamp="2020-05-26T07:08:21 PDT" skipped="0">
  <testcase classname="mouse_actions.Web_Table_Row_Coloumn" name="Row_Column_WebTable" time="17.321"/>
</testsuite> <!-- mouse_actions.Web_Table_Row_Coloumn -->
