<?xml version="1.0" encoding="UTF-8"?>
<!-- Generated by org.testng.reporters.JUnitReportReporter -->
<testsuite hostname="DESKTOP-KD7RQOH" failures="0" tests="1" name="mouse_actions.CheckBox_Verify" time="13.418" errors="0" timestamp="2020-05-01T13:47:05 PDT" skipped="0">
  <testcase classname="mouse_actions.CheckBox_Verify" name="Check_Box_Verify" time="13.418"/>
</testsuite> <!-- mouse_actions.CheckBox_Verify -->
