<?xml version="1.0" encoding="UTF-8"?>
<!-- Generated by org.testng.reporters.JUnitReportReporter -->
<testsuite hostname="DESKTOP-KD7RQOH" failures="0" tests="1" name="mouse_actions.Using_Js_Method" time="31.964" errors="0" timestamp="2020-04-29T20:44:44 PDT" skipped="0">
  <testcase classname="mouse_actions.Using_Js_Method" name="Js_Method_Selenium" time="31.964"/>
</testsuite> <!-- mouse_actions.Using_Js_Method -->
