<?xml version="1.0" encoding="UTF-8"?>
<!-- Generated by org.testng.reporters.JUnitReportReporter -->
<testsuite hostname="DESKTOP-KD7RQOH" failures="0" tests="1" name="mouse_actions.Is_Enabled_Disabled_Verify" time="19.498" errors="0" timestamp="2020-05-05T18:57:13 PDT" skipped="0">
  <testcase classname="mouse_actions.Is_Enabled_Disabled_Verify" name="Is_Enabled_Disabled" time="19.498"/>
</testsuite> <!-- mouse_actions.Is_Enabled_Disabled_Verify -->
