<?xml version="1.0" encoding="UTF-8"?>
<!-- Generated by org.testng.reporters.JUnitReportReporter -->
<testsuite hostname="DESKTOP-KD7RQOH" failures="0" tests="1" name="mouse_actions.Assert_Selenium" time="13.150" errors="0" timestamp="2020-05-04T18:27:33 PDT" skipped="0">
  <testcase classname="mouse_actions.Assert_Selenium" name="Assertion" time="13.150"/>
</testsuite> <!-- mouse_actions.Assert_Selenium -->
