<?xml version="1.0" encoding="UTF-8"?>
<!-- Generated by org.testng.reporters.JUnitReportReporter -->
<testsuite hostname="DESKTOP-KD7RQOH" failures="0" tests="1" name="mouse_actions.ZoomIn_ZoomOut_Selenium" time="13.511" errors="0" timestamp="2020-04-28T12:23:31 PDT" skipped="0">
  <testcase classname="mouse_actions.ZoomIn_ZoomOut_Selenium" name="ZoomIn_ZoomOut" time="13.511"/>
</testsuite> <!-- mouse_actions.ZoomIn_ZoomOut_Selenium -->
