<?xml version="1.0" encoding="UTF-8"?>
<!-- Generated by org.testng.reporters.JUnitReportReporter -->
<testsuite hostname="DESKTOP-KD7RQOH" failures="0" tests="1" name="mouse_actions.Scroll_In_Selenium" time="27.568" errors="0" timestamp="2020-04-27T16:39:04 PDT" skipped="0">
  <testcase classname="mouse_actions.Scroll_In_Selenium" name="Scroll_In" time="27.568"/>
</testsuite> <!-- mouse_actions.Scroll_In_Selenium -->
