<?xml version="1.0" encoding="UTF-8"?>
<!-- Generated by org.testng.reporters.JUnitReportReporter -->
<testsuite hostname="DESKTOP-KD7RQOH" failures="0" tests="1" name="mouse_actions.Select_Class_New" time="26.984" errors="0" timestamp="2020-05-02T16:14:55 PDT" skipped="0">
  <testcase classname="mouse_actions.Select_Class_New" name="New_Select" time="26.984"/>
</testsuite> <!-- mouse_actions.Select_Class_New -->
