<?xml version="1.0" encoding="UTF-8"?>
<!-- Generated by org.testng.reporters.JUnitReportReporter -->
<testsuite hostname="DESKTOP-KD7RQOH" failures="0" tests="1" name="mouse_actions.Check_Box_Assignment" time="12.967" errors="0" timestamp="2020-05-04T18:58:04 PDT" skipped="0">
  <testcase classname="mouse_actions.Check_Box_Assignment" name="Assignment" time="12.967"/>
</testsuite> <!-- mouse_actions.Check_Box_Assignment -->
