<?xml version="1.0" encoding="UTF-8"?>
<!-- Generated by org.testng.reporters.JUnitReportReporter -->
<testsuite hostname="DESKTOP-KD7RQOH" failures="0" tests="1" name="mouse_actions.Select_Current_Calendar" time="17.428" errors="0" timestamp="2020-04-20T15:28:19 PDT" skipped="0">
  <testcase classname="mouse_actions.Select_Current_Calendar" name="Select_Current_Date" time="17.428"/>
</testsuite> <!-- mouse_actions.Select_Current_Calendar -->
