<?xml version="1.0" encoding="UTF-8"?>
<!-- Generated by org.testng.reporters.JUnitReportReporter -->
<testsuite hostname="DESKTOP-KD7RQOH" failures="0" tests="1" name="mouse_actions.Getting_All_Link" time="50.646" errors="0" timestamp="2020-04-22T06:36:14 PDT" skipped="0">
  <testcase classname="mouse_actions.Getting_All_Link" name="All_Link_Page" time="50.646"/>
</testsuite> <!-- mouse_actions.Getting_All_Link -->
