<?xml version="1.0" encoding="UTF-8"?>
<!-- Generated by org.testng.reporters.JUnitReportReporter -->
<testsuite hostname="DESKTOP-KD7RQOH" failures="0" tests="1" name="mouse_actions.Web_Table_Max_Price" time="302.866" errors="0" timestamp="2020-04-21T17:14:14 PDT" skipped="0">
  <testcase classname="mouse_actions.Web_Table_Max_Price" name="Max_Current_Price" time="302.866"/>
</testsuite> <!-- mouse_actions.Web_Table_Max_Price -->
