<?xml version="1.0" encoding="UTF-8"?>
<!-- Generated by org.testng.reporters.JUnitReportReporter -->
<testsuite hostname="DESKTOP-KD7RQOH" failures="0" tests="4" name="mouse_actions.Dataprovider" time="46.832" errors="0" timestamp="2020-05-05T22:48:11 PDT" skipped="0">
  <testcase classname="mouse_actions.Dataprovider" name="allTest" time="11.111"/>
  <testcase classname="mouse_actions.Dataprovider" name="allTest" time="10.651"/>
  <testcase classname="mouse_actions.Dataprovider" name="allTest" time="12.765"/>
  <testcase classname="mouse_actions.Dataprovider" name="allTest" time="12.305"/>
</testsuite> <!-- mouse_actions.Dataprovider -->
