<?xml version="1.0" encoding="UTF-8"?>
<!-- Generated by org.testng.reporters.JUnitReportReporter -->
<testsuite hostname="DESKTOP-KD7RQOH" failures="0" tests="1" name="mouse_actions.Add_Cookie_Selenium" time="11.302" errors="0" timestamp="2020-04-29T15:26:42 PDT" skipped="0">
  <testcase classname="mouse_actions.Add_Cookie_Selenium" name="Add_Cookie" time="11.302"/>
</testsuite> <!-- mouse_actions.Add_Cookie_Selenium -->
