<?xml version="1.0" encoding="UTF-8"?>
<!-- Generated by org.testng.reporters.JUnitReportReporter -->
<testsuite hostname="DESKTOP-KD7RQOH" failures="0" tests="1" name="mouse_actions.Open_In_New_Tab_Keyboard_Action" time="9.855" errors="0" timestamp="2020-05-01T12:06:20 PDT" skipped="0">
  <testcase classname="mouse_actions.Open_In_New_Tab_Keyboard_Action" name="Open_In_New_Tab" time="9.855"/>
</testsuite> <!-- mouse_actions.Open_In_New_Tab_Keyboard_Action -->
