<?xml version="1.0" encoding="UTF-8"?>
<!-- Generated by org.testng.reporters.JUnitReportReporter -->
<testsuite hostname="DESKTOP-KD7RQOH" failures="0" tests="1" name="mouse_actions.Drop_Down_Dynamic" time="28.095" errors="0" timestamp="2020-05-02T18:30:58 PDT" skipped="0">
  <testcase classname="mouse_actions.Drop_Down_Dynamic" name="Dynamic_Drop_Down" time="28.095"/>
</testsuite> <!-- mouse_actions.Drop_Down_Dynamic -->
