<?xml version="1.0" encoding="UTF-8"?>
<!-- Generated by org.testng.reporters.JUnitReportReporter -->
<testsuite hostname="DESKTOP-KD7RQOH" failures="0" tests="1" name="mouse_actions.Drag_Drop_Mouse_Actions" time="14.626" errors="0" timestamp="2020-04-30T12:39:49 PDT" skipped="0">
  <testcase classname="mouse_actions.Drag_Drop_Mouse_Actions" name="Js_Method_Selenium" time="14.626"/>
</testsuite> <!-- mouse_actions.Drag_Drop_Mouse_Actions -->
