<?xml version="1.0" encoding="UTF-8"?>
<!-- Generated by org.testng.reporters.JUnitReportReporter -->
<testsuite hostname="DESKTOP-KD7RQOH" failures="0" tests="2" name="mouse_actions.Keyboard_Action_Selenium" time="46.065" errors="0" timestamp="2020-04-30T21:26:23 PDT" skipped="0">
  <testcase classname="mouse_actions.Keyboard_Action_Selenium" name="keyboard_Action_FB" time="31.617"/>
  <testcase classname="mouse_actions.Keyboard_Action_Selenium" name="Keyboard_Google" time="14.448"/>
</testsuite> <!-- mouse_actions.Keyboard_Action_Selenium -->
