<?xml version="1.0" encoding="UTF-8"?>
<!-- Generated by org.testng.reporters.JUnitReportReporter -->
<testsuite hostname="DESKTOP-KD7RQOH" failures="0" tests="1" name="mouse_actions.CheckBox_Verify_By_Is_Selected_Method" time="11.998" errors="0" timestamp="2020-05-04T14:31:01 PDT" skipped="0">
  <testcase classname="mouse_actions.CheckBox_Verify_By_Is_Selected_Method" name="Check_Box_Verify" time="11.998"/>
</testsuite> <!-- mouse_actions.CheckBox_Verify_By_Is_Selected_Method -->
