<?xml version="1.0" encoding="UTF-8"?>
<!-- Generated by org.testng.reporters.JUnitReportReporter -->
<testsuite hostname="DESKTOP-KD7RQOH" failures="0" tests="1" name="mouse_actions.Using_Java_Script_Click_Send" time="6.970" errors="0" timestamp="2020-04-29T18:26:37 PDT" skipped="0">
  <testcase classname="mouse_actions.Using_Java_Script_Click_Send" name="Using_Js" time="6.970"/>
</testsuite> <!-- mouse_actions.Using_Java_Script_Click_Send -->
