<?xml version="1.0" encoding="UTF-8"?>
<!-- Generated by org.testng.reporters.JUnitReportReporter -->
<testsuite hostname="DESKTOP-KD7RQOH" failures="0" tests="1" name="mouse_actions.IFrame_In_Selenium" time="18.449" errors="0" timestamp="2020-04-28T17:53:38 PDT" skipped="0">
  <testcase classname="mouse_actions.IFrame_In_Selenium" name="IFrame_Learning" time="18.449"/>
</testsuite> <!-- mouse_actions.IFrame_In_Selenium -->
