<?xml version="1.0" encoding="UTF-8"?>
<!-- Generated by org.testng.reporters.JUnitReportReporter -->
<testsuite hostname="DESKTOP-KD7RQOH" failures="0" tests="1" name="mouse_actions.Delete_Cookies_Selenium" time="11.065" errors="0" timestamp="2020-04-27T15:01:56 PDT" skipped="0">
  <testcase classname="mouse_actions.Delete_Cookies_Selenium" name="Add_Cookie" time="11.065"/>
</testsuite> <!-- mouse_actions.Delete_Cookies_Selenium -->
