<?xml version="1.0" encoding="UTF-8"?>
<!-- Generated by org.testng.reporters.JUnitReportReporter -->
<testsuite hostname="DESKTOP-KD7RQOH" failures="0" tests="1" name="mouse_actions.Drop_Down_Auto_Suggestive" time="24.937" errors="0" timestamp="2020-05-14T11:27:17 PDT" skipped="0">
  <testcase classname="mouse_actions.Drop_Down_Auto_Suggestive" name="Auto_Suggestive_Drop_Down" time="24.937"/>
</testsuite> <!-- mouse_actions.Drop_Down_Auto_Suggestive -->
