<?xml version="1.0" encoding="UTF-8"?>
<!-- Generated by org.testng.reporters.JUnitReportReporter -->
<testsuite hostname="DESKTOP-KD7RQOH" failures="0" tests="1" name="generic_Code_Dynamic_Data.Dyanamic_Data" time="6.696" errors="0" timestamp="2020-05-10T14:53:06 PDT" skipped="0">
  <testcase classname="generic_Code_Dynamic_Data.Dyanamic_Data" name="Dynamic_Data_Learning" time="6.696"/>
</testsuite> <!-- generic_Code_Dynamic_Data.Dyanamic_Data -->
