<?xml version="1.0" encoding="UTF-8"?>
<!-- Generated by org.testng.reporters.JUnitReportReporter -->
<testsuite hostname="DESKTOP-KD7RQOH" failures="0" tests="1" name="mouse_actions.Drop_Down_Dynamic_Parent_Child_Relationship" time="24.640" errors="0" timestamp="2020-05-02T19:03:48 PDT" skipped="0">
  <testcase classname="mouse_actions.Drop_Down_Dynamic_Parent_Child_Relationship" name="Dynamic_Drop_Down_Relationship" time="24.640"/>
</testsuite> <!-- mouse_actions.Drop_Down_Dynamic_Parent_Child_Relationship -->
