<?xml version="1.0" encoding="UTF-8"?>
<!-- Generated by org.testng.reporters.JUnitReportReporter -->
<testsuite hostname="DESKTOP-KD7RQOH" failures="0" tests="1" name="mouse_actions.Mouse_Over_Click_Element" time="21.938" errors="0" timestamp="2020-04-19T07:56:22 PDT" skipped="0">
  <testcase classname="mouse_actions.Mouse_Over_Click_Element" name="Click_Inside_Element" time="21.938"/>
</testsuite> <!-- mouse_actions.Mouse_Over_Click_Element -->
