<?xml version="1.0" encoding="UTF-8"?>
<!-- Generated by org.testng.reporters.JUnitReportReporter -->
<testsuite hostname="DESKTOP-KD7RQOH" failures="0" tests="2" name="mouse_actions.Monster_Testing" time="94.887" errors="0" timestamp="2020-05-14T11:30:51 PDT" skipped="0">
  <testcase classname="mouse_actions.Monster_Testing" name="Regiestration_Form" time="44.794"/>
  <testcase classname="mouse_actions.Monster_Testing" name="Auto_Suggestion" time="50.093"/>
</testsuite> <!-- mouse_actions.Monster_Testing -->
