<?xml version="1.0" encoding="UTF-8"?>
<!-- Generated by org.testng.reporters.JUnitReportReporter -->
<testsuite hostname="DESKTOP-KD7RQOH" failures="0" tests="1" name="TestNG_FrameWork.Car_Loan" time="0.005" errors="0" timestamp="2020-06-24T21:55:10 PDT" skipped="0">
  <testcase classname="TestNG_FrameWork.Car_Loan" name="carmobile_Login" time="0.005"/>
</testsuite> <!-- TestNG_FrameWork.Car_Loan -->
