<?xml version="1.0" encoding="UTF-8"?>
<!-- Generated by org.testng.reporters.JUnitReportReporter -->
<testsuite hostname="DESKTOP-KD7RQOH" failures="0" tests="1" name="TestNG_FrameWork.Day1" time="0.018" errors="0" timestamp="2020-05-17T06:41:18 PDT" skipped="0">
  <testcase classname="TestNG_FrameWork.Day1" name="samp1" time="0.018"/>
</testsuite> <!-- TestNG_FrameWork.Day1 -->
