<?xml version="1.0" encoding="UTF-8"?>
<!-- Generated by org.testng.reporters.JUnitReportReporter -->
<testsuite hostname="DESKTOP-KD7RQOH" failures="0" tests="1" name="TestNG_FrameWork.Sample" time="0.057" errors="0" timestamp="2020-06-24T21:55:10 PDT" skipped="0">
  <testcase classname="TestNG_FrameWork.Sample" name="samp2" time="0.057"/>
</testsuite> <!-- TestNG_FrameWork.Sample -->
