<?xml version="1.0" encoding="UTF-8"?>
<!-- Generated by org.testng.reporters.JUnitReportReporter -->
<testsuite hostname="DESKTOP-KD7RQOH" failures="0" tests="2" name="TestNG_FrameWork.Home_Loan" time="0.005" errors="0" timestamp="2020-06-24T21:55:10 PDT" skipped="1">
  <testcase classname="TestNG_FrameWork.Home_Loan" name="homemobile_Login" time="0.005"/>
  <testcase classname="TestNG_FrameWork.Home_Loan" name="homeapi_Singout">
    <skipped/>
  </testcase> <!-- homeapi_Singout -->
</testsuite> <!-- TestNG_FrameWork.Home_Loan -->
