<?xml version="1.0" encoding="UTF-8"?>
<!-- Generated by org.testng.reporters.JUnitReportReporter -->
<testsuite skipped="0" hostname="DESKTOP-KD7RQOH" name="Samp.Test_Ne.SeleniumSamTest" tests="1" failures="0" timestamp="19 May 2020 12:48:33 GMT" time="0.014" errors="0">
  <testcase name="hello" time="0.014" classname="Samp.Test_Ne.SeleniumSamTest"/>
</testsuite> <!-- Samp.Test_Ne.SeleniumSamTest -->
