<?xml version="1.0" encoding="UTF-8"?>
<!-- Generated by org.testng.reporters.JUnitReportReporter -->
<testsuite hostname="DESKTOP-KD7RQOH" failures="0" tests="1" name="Samp.Test_Ne.AppTest" time="0.015" errors="0" timestamp="19 May 2020 05:03:40 GMT" skipped="0">
  <testcase classname="Samp.Test_Ne.AppTest" name="shouldAnswerWithTrue" time="0.015"/>
</testsuite> <!-- Samp.Test_Ne.AppTest -->
