<?xml version="1.0" encoding="UTF-8"?>
<!-- Generated by org.testng.reporters.JUnitReportReporter -->
<testsuite hostname="DESKTOP-KD7RQOH" failures="0" tests="1" name="Samp.Test_Ne.SeleniumTest" time="0.022" errors="0" timestamp="2020-05-18T21:20:04 PDT" skipped="0">
  <testcase classname="Samp.Test_Ne.SeleniumTest" name="hello" time="0.022"/>
</testsuite> <!-- Samp.Test_Ne.SeleniumTest -->
