<?xml version="1.0" encoding="UTF-8"?>
<!-- Generated by org.testng.reporters.JUnitReportReporter -->
<testsuite hostname="DESKTOP-KD7RQOH" failures="0" tests="1" name="com.flipkart.TestCase.PlaceOrderPageTest" time="20.365" errors="0" timestamp="2020-06-30T11:06:56 PDT" skipped="0">
  <testcase classname="com.flipkart.TestCase.PlaceOrderPageTest" name="verifyDeliveryAddress" time="20.365"/>
</testsuite> <!-- com.flipkart.TestCase.PlaceOrderPageTest -->
